[0.326s] DEBUG:colcon:Command line arguments: ['/usr/bin/colcon', 'list', '-p', '--base-paths', '/home/fanliang/workspace/ros2_learning']
[0.326s] DEBUG:colcon:Parsed command line arguments: Namespace(log_base=None, log_level=None, verb_name='list', build_base='build', ignore_user_meta=False, metas=['./colcon.meta'], base_paths=['/home/fanliang/workspace/ros2_learning'], packages_ignore=None, packages_ignore_regex=None, paths=None, packages_up_to=None, packages_up_to_regex=None, packages_above=None, packages_above_and_dependencies=None, packages_above_depth=None, packages_select_by_dep=None, packages_skip_by_dep=None, packages_skip_up_to=None, packages_select_build_failed=False, packages_skip_build_finished=False, packages_select_test_failures=False, packages_skip_test_passed=False, packages_select=None, packages_skip=None, packages_select_regex=None, packages_skip_regex=None, packages_start=None, packages_end=None, allow_overriding=[], topological_order=False, names_only=False, paths_only=True, topological_graph=False, topological_graph_dot=False, topological_graph_density=False, topological_graph_legend=False, topological_graph_dot_cluster=False, topological_graph_dot_include_skipped=False, verb_parser=<colcon_defaults.argument_parser.defaults.DefaultArgumentsDecorator object at 0x7f6b58a54940>, verb_extension=<colcon_package_information.verb.list.ListVerb object at 0x7f6b58a183a0>, main=<bound method ListVerb.main of <colcon_package_information.verb.list.ListVerb object at 0x7f6b58a183a0>>)
[0.350s] Level 1:colcon.colcon_core.package_discovery:discover_packages(colcon_meta) check parameters
[0.350s] Level 1:colcon.colcon_core.package_discovery:discover_packages(recursive) check parameters
[0.350s] Level 1:colcon.colcon_core.package_discovery:discover_packages(ignore) check parameters
[0.350s] Level 1:colcon.colcon_core.package_discovery:discover_packages(path) check parameters
[0.350s] Level 1:colcon.colcon_core.package_discovery:discover_packages(recursive) discover
[0.350s] INFO:colcon.colcon_core.package_discovery:Crawling recursively for packages in '/home/fanliang/workspace/ros2_learning'
[0.350s] Level 1:colcon.colcon_core.package_identification:_identify(/home/fanliang/workspace/ros2_learning) by extensions ['ignore', 'ignore_ament_install']
[0.350s] Level 1:colcon.colcon_core.package_identification:_identify(/home/fanliang/workspace/ros2_learning) by extension 'ignore'
[0.350s] Level 1:colcon.colcon_core.package_identification:_identify(/home/fanliang/workspace/ros2_learning) by extension 'ignore_ament_install'
[0.350s] Level 1:colcon.colcon_core.package_identification:_identify(/home/fanliang/workspace/ros2_learning) by extensions ['colcon_pkg']
[0.351s] Level 1:colcon.colcon_core.package_identification:_identify(/home/fanliang/workspace/ros2_learning) by extension 'colcon_pkg'
[0.351s] Level 1:colcon.colcon_core.package_identification:_identify(/home/fanliang/workspace/ros2_learning) by extensions ['colcon_meta']
[0.351s] Level 1:colcon.colcon_core.package_identification:_identify(/home/fanliang/workspace/ros2_learning) by extension 'colcon_meta'
[0.351s] Level 1:colcon.colcon_core.package_identification:_identify(/home/fanliang/workspace/ros2_learning) by extensions ['ros']
[0.351s] Level 1:colcon.colcon_core.package_identification:_identify(/home/fanliang/workspace/ros2_learning) by extension 'ros'
[0.374s] Level 1:colcon.colcon_core.package_identification:_identify(/home/fanliang/workspace/ros2_learning) by extensions ['cmake', 'python']
[0.374s] Level 1:colcon.colcon_core.package_identification:_identify(/home/fanliang/workspace/ros2_learning) by extension 'cmake'
[0.374s] Level 1:colcon.colcon_core.package_identification:_identify(/home/fanliang/workspace/ros2_learning) by extension 'python'
[0.374s] Level 1:colcon.colcon_core.package_identification:_identify(/home/fanliang/workspace/ros2_learning) by extensions ['python_setup_py']
[0.374s] Level 1:colcon.colcon_core.package_identification:_identify(/home/fanliang/workspace/ros2_learning) by extension 'python_setup_py'
[0.375s] Level 1:colcon.colcon_core.package_identification:_identify(/home/fanliang/workspace/ros2_learning/log) by extensions ['ignore', 'ignore_ament_install']
[0.375s] Level 1:colcon.colcon_core.package_identification:_identify(/home/fanliang/workspace/ros2_learning/log) by extension 'ignore'
[0.375s] Level 1:colcon.colcon_core.package_identification:_identify(/home/fanliang/workspace/ros2_learning/log) ignored
[0.375s] Level 1:colcon.colcon_core.package_identification:_identify(/home/fanliang/workspace/ros2_learning/src) by extensions ['ignore', 'ignore_ament_install']
[0.375s] Level 1:colcon.colcon_core.package_identification:_identify(/home/fanliang/workspace/ros2_learning/src) by extension 'ignore'
[0.375s] Level 1:colcon.colcon_core.package_identification:_identify(/home/fanliang/workspace/ros2_learning/src) by extension 'ignore_ament_install'
[0.375s] Level 1:colcon.colcon_core.package_identification:_identify(/home/fanliang/workspace/ros2_learning/src) by extensions ['colcon_pkg']
[0.375s] Level 1:colcon.colcon_core.package_identification:_identify(/home/fanliang/workspace/ros2_learning/src) by extension 'colcon_pkg'
[0.375s] Level 1:colcon.colcon_core.package_identification:_identify(/home/fanliang/workspace/ros2_learning/src) by extensions ['colcon_meta']
[0.375s] Level 1:colcon.colcon_core.package_identification:_identify(/home/fanliang/workspace/ros2_learning/src) by extension 'colcon_meta'
[0.375s] Level 1:colcon.colcon_core.package_identification:_identify(/home/fanliang/workspace/ros2_learning/src) by extensions ['ros']
[0.375s] Level 1:colcon.colcon_core.package_identification:_identify(/home/fanliang/workspace/ros2_learning/src) by extension 'ros'
[0.375s] Level 1:colcon.colcon_core.package_identification:_identify(/home/fanliang/workspace/ros2_learning/src) by extensions ['cmake', 'python']
[0.375s] Level 1:colcon.colcon_core.package_identification:_identify(/home/fanliang/workspace/ros2_learning/src) by extension 'cmake'
[0.375s] Level 1:colcon.colcon_core.package_identification:_identify(/home/fanliang/workspace/ros2_learning/src) by extension 'python'
[0.375s] Level 1:colcon.colcon_core.package_identification:_identify(/home/fanliang/workspace/ros2_learning/src) by extensions ['python_setup_py']
[0.375s] Level 1:colcon.colcon_core.package_identification:_identify(/home/fanliang/workspace/ros2_learning/src) by extension 'python_setup_py'
[0.375s] Level 1:colcon.colcon_core.package_identification:_identify(/home/fanliang/workspace/ros2_learning/src/chatter) by extensions ['ignore', 'ignore_ament_install']
[0.375s] Level 1:colcon.colcon_core.package_identification:_identify(/home/fanliang/workspace/ros2_learning/src/chatter) by extension 'ignore'
[0.375s] Level 1:colcon.colcon_core.package_identification:_identify(/home/fanliang/workspace/ros2_learning/src/chatter) by extension 'ignore_ament_install'
[0.375s] Level 1:colcon.colcon_core.package_identification:_identify(/home/fanliang/workspace/ros2_learning/src/chatter) by extensions ['colcon_pkg']
[0.375s] Level 1:colcon.colcon_core.package_identification:_identify(/home/fanliang/workspace/ros2_learning/src/chatter) by extension 'colcon_pkg'
[0.375s] Level 1:colcon.colcon_core.package_identification:_identify(/home/fanliang/workspace/ros2_learning/src/chatter) by extensions ['colcon_meta']
[0.375s] Level 1:colcon.colcon_core.package_identification:_identify(/home/fanliang/workspace/ros2_learning/src/chatter) by extension 'colcon_meta'
[0.376s] Level 1:colcon.colcon_core.package_identification:_identify(/home/fanliang/workspace/ros2_learning/src/chatter) by extensions ['ros']
[0.376s] Level 1:colcon.colcon_core.package_identification:_identify(/home/fanliang/workspace/ros2_learning/src/chatter) by extension 'ros'
[0.378s] DEBUG:colcon.colcon_core.package_identification:Package '/home/fanliang/workspace/ros2_learning/src/chatter' with type 'ros.ament_cmake' and name 'chatter'
[0.378s] Level 1:colcon.colcon_core.package_identification:_identify(/home/fanliang/workspace/ros2_learning/src/chatter_py) by extensions ['ignore', 'ignore_ament_install']
[0.378s] Level 1:colcon.colcon_core.package_identification:_identify(/home/fanliang/workspace/ros2_learning/src/chatter_py) by extension 'ignore'
[0.379s] Level 1:colcon.colcon_core.package_identification:_identify(/home/fanliang/workspace/ros2_learning/src/chatter_py) by extension 'ignore_ament_install'
[0.379s] Level 1:colcon.colcon_core.package_identification:_identify(/home/fanliang/workspace/ros2_learning/src/chatter_py) by extensions ['colcon_pkg']
[0.379s] Level 1:colcon.colcon_core.package_identification:_identify(/home/fanliang/workspace/ros2_learning/src/chatter_py) by extension 'colcon_pkg'
[0.379s] Level 1:colcon.colcon_core.package_identification:_identify(/home/fanliang/workspace/ros2_learning/src/chatter_py) by extensions ['colcon_meta']
[0.379s] Level 1:colcon.colcon_core.package_identification:_identify(/home/fanliang/workspace/ros2_learning/src/chatter_py) by extension 'colcon_meta'
[0.379s] Level 1:colcon.colcon_core.package_identification:_identify(/home/fanliang/workspace/ros2_learning/src/chatter_py) by extensions ['ros']
[0.379s] Level 1:colcon.colcon_core.package_identification:_identify(/home/fanliang/workspace/ros2_learning/src/chatter_py) by extension 'ros'
[0.379s] DEBUG:colcon.colcon_core.package_identification:Package '/home/fanliang/workspace/ros2_learning/src/chatter_py' with type 'ros.ament_python' and name 'chatter_py'
[0.379s] Level 1:colcon.colcon_core.package_identification:_identify(/home/fanliang/workspace/ros2_learning/src/tf_publisher) by extensions ['ignore', 'ignore_ament_install']
[0.379s] Level 1:colcon.colcon_core.package_identification:_identify(/home/fanliang/workspace/ros2_learning/src/tf_publisher) by extension 'ignore'
[0.379s] Level 1:colcon.colcon_core.package_identification:_identify(/home/fanliang/workspace/ros2_learning/src/tf_publisher) by extension 'ignore_ament_install'
[0.379s] Level 1:colcon.colcon_core.package_identification:_identify(/home/fanliang/workspace/ros2_learning/src/tf_publisher) by extensions ['colcon_pkg']
[0.379s] Level 1:colcon.colcon_core.package_identification:_identify(/home/fanliang/workspace/ros2_learning/src/tf_publisher) by extension 'colcon_pkg'
[0.379s] Level 1:colcon.colcon_core.package_identification:_identify(/home/fanliang/workspace/ros2_learning/src/tf_publisher) by extensions ['colcon_meta']
[0.379s] Level 1:colcon.colcon_core.package_identification:_identify(/home/fanliang/workspace/ros2_learning/src/tf_publisher) by extension 'colcon_meta'
[0.379s] Level 1:colcon.colcon_core.package_identification:_identify(/home/fanliang/workspace/ros2_learning/src/tf_publisher) by extensions ['ros']
[0.379s] Level 1:colcon.colcon_core.package_identification:_identify(/home/fanliang/workspace/ros2_learning/src/tf_publisher) by extension 'ros'
[0.380s] DEBUG:colcon.colcon_core.package_identification:Package '/home/fanliang/workspace/ros2_learning/src/tf_publisher' with type 'ros.ament_cmake' and name 'tf_publisher'
[0.380s] Level 1:colcon.colcon_core.package_discovery:discover_packages(recursive) using defaults
